

================================================================
== Vivado HLS Report for 'pulse_cir_avg'
================================================================
* Date:           Wed Oct 31 20:06:43 2018

* Version:        2015.4 (Build 1412921 on Wed Nov 18 09:58:55 AM 2015)
* Project:        pulse_cir_avg
* Solution:       solution1
* Product family: kintex7
* Target device:  xc7k325tffg900-2


================================================================
== Performance Estimates
================================================================
+ Timing (ns): 
    * Summary: 
    +--------+-------+----------+------------+
    |  Clock | Target| Estimated| Uncertainty|
    +--------+-------+----------+------------+
    |ap_clk  |   5.00|      4.27|        0.62|
    +--------+-------+----------+------------+

+ Latency (clock cycles): 
    * Summary: 
    +-----+-----+-----+-----+----------+
    |  Latency  |  Interval | Pipeline |
    | min | max | min | max |   Type   |
    +-----+-----+-----+-----+----------+
    |   73|   73|    1|    1| function |
    +-----+-----+-----+-----+----------+

    + Detail: 
        * Instance: 
        N/A

        * Loop: 
        N/A



================================================================
== Utilization Estimates
================================================================
* Summary: 
+-----------------+---------+-------+--------+--------+
|       Name      | BRAM_18K| DSP48E|   FF   |   LUT  |
+-----------------+---------+-------+--------+--------+
|DSP              |        -|      -|       -|       -|
|Expression       |        -|      -|       0|     414|
|FIFO             |       34|      -|     239|     773|
|Instance         |        -|      -|    6732|    6732|
|Memory           |        -|      -|       -|       -|
|Multiplexer      |        -|      -|       -|     200|
|Register         |        -|      -|     622|     261|
+-----------------+---------+-------+--------+--------+
|Total            |       34|      0|    7593|    8380|
+-----------------+---------+-------+--------+--------+
|Available        |      890|    840|  407600|  203800|
+-----------------+---------+-------+--------+--------+
|Utilization (%)  |        3|      0|       1|       4|
+-----------------+---------+-------+--------+--------+

+ Detail: 
    * Instance: 
    +---------------------------------------+------------------------------------+---------+-------+------+------+
    |                Instance               |               Module               | BRAM_18K| DSP48E|  FF  |  LUT |
    +---------------------------------------+------------------------------------+---------+-------+------+------+
    |pulse_cir_avg_udiv_65ns_32ns_65_69_U1  |pulse_cir_avg_udiv_65ns_32ns_65_69  |        0|      0|  6732|  6732|
    +---------------------------------------+------------------------------------+---------+-------+------+------+
    |Total                                  |                                    |        0|      0|  6732|  6732|
    +---------------------------------------+------------------------------------+---------+-------+------+------+

    * DSP48: 
    N/A

    * Memory: 
    N/A

    * FIFO: 
    +------------------------------------+---------+-----+-----+------+-----+---------+
    |                Name                | BRAM_18K|  FF | LUT | Depth| Bits| Size:D*B|
    +------------------------------------+---------+-----+-----+------+-----+---------+
    |data_fifo_V_V_data_fifo_V_V_fifo_U  |       32|  173|  669|  8192|   64|   524288|
    |out_fifo_V_V_out_fifo_V_V_fifo_U    |        2|   66|  104|  1024|   32|    32768|
    +------------------------------------+---------+-----+-----+------+-----+---------+
    |Total                               |       34|  239|  773|  9216|   96|   557056|
    +------------------------------------+---------+-----+-----+------+-----+---------+

    * Expression: 
    +----------------------------+----------+-------+---+----+------------+------------+
    |        Variable Name       | Operation| DSP48E| FF| LUT| Bitwidth P0| Bitwidth P1|
    +----------------------------+----------+-------+---+----+------------+------------+
    |grp_fu_249_p2               |     +    |      0|  0|  10|          10|           1|
    |r_V_1_fu_347_p2             |     +    |      0|  0|  17|          17|           2|
    |r_V_2_fu_401_p2             |     +    |      0|  0|  17|          17|           2|
    |r_V_3_fu_509_p2             |     +    |      0|  0|  65|          65|          65|
    |r_V_5_fu_315_p2             |     +    |      0|  0|  17|          17|           2|
    |r_V_6_fu_565_p2             |     +    |      0|  0|  17|          17|           2|
    |r_V_fu_295_p2               |     +    |      0|  0|  33|          33|           2|
    |tmp_17_fu_611_p2            |     +    |      0|  0|   9|           9|           1|
    |tmp_18_fu_581_p2            |     +    |      0|  0|  10|          10|           1|
    |tmp_5_fu_363_p2             |     +    |      0|  0|   8|           8|           1|
    |tmp_V_4_fu_535_p2           |     +    |      0|  0|  64|          64|          64|
    |tmp_data_V_fu_553_p2        |     +    |      0|  0|  32|          32|          32|
    |storemerge2_fu_427_p3       |  Select  |      0|  0|   3|           1|           1|
    |storemerge4_fu_587_p3       |  Select  |      0|  0|  10|           1|           1|
    |storemerge_fu_623_p3        |  Select  |      0|  0|   9|           1|           1|
    |ap_sig_bdd_1319             |    and   |      0|  0|   1|           1|           1|
    |ap_sig_bdd_1328             |    and   |      0|  0|   1|           1|           1|
    |ap_sig_bdd_1368             |    and   |      0|  0|   1|           1|           1|
    |ap_sig_bdd_2425             |    and   |      0|  0|   1|           1|           1|
    |ap_sig_bdd_2427             |    and   |      0|  0|   1|           1|           1|
    |ap_sig_bdd_2430             |    and   |      0|  0|   1|           1|           1|
    |ap_sig_bdd_2432             |    and   |      0|  0|   1|           1|           1|
    |ap_sig_bdd_2436             |    and   |      0|  0|   1|           1|           1|
    |ap_sig_bdd_2437             |    and   |      0|  0|   1|           1|           1|
    |ap_sig_bdd_2439             |    and   |      0|  0|   1|           1|           1|
    |ap_sig_bdd_2441             |    and   |      0|  0|   1|           1|           1|
    |ap_sig_bdd_2445             |    and   |      0|  0|   1|           1|           1|
    |ap_sig_bdd_297              |    and   |      0|  0|   1|           1|           1|
    |ap_sig_bdd_65               |    and   |      0|  0|   1|           1|           1|
    |tmp_19_nbreadreq_fu_142_p4  |    and   |      0|  0|   2|           1|           0|
    |icmp5_fu_391_p2             |   icmp   |      0|  0|  11|          31|           1|
    |icmp_fu_476_p2              |   icmp   |      0|  0|  11|          31|           1|
    |tmp_13_fu_325_p2            |   icmp   |      0|  0|   6|          17|          17|
    |tmp_15_fu_605_p2            |   icmp   |      0|  0|   3|           9|           9|
    |tmp_16_fu_575_p2            |   icmp   |      0|  0|   6|          17|          17|
    |tmp_4_fu_411_p2             |   icmp   |      0|  0|   6|          17|          17|
    |tmp_7_fu_305_p2             |   icmp   |      0|  0|  11|          33|          33|
    |tmp_8_fu_357_p2             |   icmp   |      0|  0|   6|          17|          17|
    |tmp_9_fu_496_p2             |   icmp   |      0|  0|  11|          32|           1|
    |ap_sig_bdd_119              |    or    |      0|  0|   1|           1|           1|
    |ap_sig_bdd_287              |    or    |      0|  0|   1|           1|           1|
    |ap_sig_bdd_85               |    or    |      0|  0|   1|           1|           1|
    |tmp_last_V_fu_617_p2        |    or    |      0|  0|   1|           1|           1|
    |not_tmp_3_fu_417_p2         |    xor   |      0|  0|   2|           1|           2|
    +----------------------------+----------+-------+---+----+------------+------------+
    |Total                       |          |      0|  0| 414|         526|         311|
    +----------------------------+----------+-------+---+----+------------+------------+

    * Multiplexer: 
    +---------------------------------------------------+----+-----------+-----+-----------+
    |                        Name                       | LUT| Input Size| Bits| Total Bits|
    +---------------------------------------------------+----+-----------+-----+-----------+
    |ap_reg_phiprechg_seq_len_reg_V_loc_reg_225pp0_it1  |  16|          3|   16|         48|
    |ap_reg_phiprechg_tmp_V_6_reg_239pp0_it71           |  32|          2|   32|         64|
    |ap_sig_ioackin_o_data_TREADY                       |   1|          2|    1|          2|
    |blk_cnt_V                                          |   8|          3|    8|         24|
    |currentState                                       |   2|          4|    2|          8|
    |data_fifo_V_V_din                                  |  64|          4|   64|        256|
    |out_fifo_V_V_din                                   |  32|          3|   32|         96|
    |storemerge3_phi_fu_207_p4                          |   2|          3|    2|          6|
    |storemerge5_phi_fu_217_p4                          |   1|          3|    1|          3|
    |tmp_V_6_phi_fu_242_p4                              |  32|          2|   32|         64|
    |wr_cnt_V                                           |  10|          2|   10|         20|
    +---------------------------------------------------+----+-----------+-----+-----------+
    |Total                                              | 200|         31|  200|        591|
    +---------------------------------------------------+----+-----------+-----+-----------+

    * Register: 
    +---------------------------------------------------+----+----+-----+-----------+
    |                        Name                       | FF | LUT| Bits| Const Bits|
    +---------------------------------------------------+----+----+-----+-----------+
    |ap_CS_fsm                                          |   1|   0|    1|          0|
    |ap_reg_ioackin_o_data_TREADY                       |   1|   0|    1|          0|
    |ap_reg_phiprechg_seq_len_reg_V_loc_reg_225pp0_it1  |  16|   0|   16|          0|
    |ap_reg_phiprechg_tmp_V_6_reg_239pp0_it71           |  32|   0|   32|          0|
    |ap_reg_ppiten_pp0_it1                              |   1|   0|    1|          0|
    |ap_reg_ppiten_pp0_it10                             |   1|   0|    1|          0|
    |ap_reg_ppiten_pp0_it11                             |   1|   0|    1|          0|
    |ap_reg_ppiten_pp0_it12                             |   1|   0|    1|          0|
    |ap_reg_ppiten_pp0_it13                             |   1|   0|    1|          0|
    |ap_reg_ppiten_pp0_it14                             |   1|   0|    1|          0|
    |ap_reg_ppiten_pp0_it15                             |   1|   0|    1|          0|
    |ap_reg_ppiten_pp0_it16                             |   1|   0|    1|          0|
    |ap_reg_ppiten_pp0_it17                             |   1|   0|    1|          0|
    |ap_reg_ppiten_pp0_it18                             |   1|   0|    1|          0|
    |ap_reg_ppiten_pp0_it19                             |   1|   0|    1|          0|
    |ap_reg_ppiten_pp0_it2                              |   1|   0|    1|          0|
    |ap_reg_ppiten_pp0_it20                             |   1|   0|    1|          0|
    |ap_reg_ppiten_pp0_it21                             |   1|   0|    1|          0|
    |ap_reg_ppiten_pp0_it22                             |   1|   0|    1|          0|
    |ap_reg_ppiten_pp0_it23                             |   1|   0|    1|          0|
    |ap_reg_ppiten_pp0_it24                             |   1|   0|    1|          0|
    |ap_reg_ppiten_pp0_it25                             |   1|   0|    1|          0|
    |ap_reg_ppiten_pp0_it26                             |   1|   0|    1|          0|
    |ap_reg_ppiten_pp0_it27                             |   1|   0|    1|          0|
    |ap_reg_ppiten_pp0_it28                             |   1|   0|    1|          0|
    |ap_reg_ppiten_pp0_it29                             |   1|   0|    1|          0|
    |ap_reg_ppiten_pp0_it3                              |   1|   0|    1|          0|
    |ap_reg_ppiten_pp0_it30                             |   1|   0|    1|          0|
    |ap_reg_ppiten_pp0_it31                             |   1|   0|    1|          0|
    |ap_reg_ppiten_pp0_it32                             |   1|   0|    1|          0|
    |ap_reg_ppiten_pp0_it33                             |   1|   0|    1|          0|
    |ap_reg_ppiten_pp0_it34                             |   1|   0|    1|          0|
    |ap_reg_ppiten_pp0_it35                             |   1|   0|    1|          0|
    |ap_reg_ppiten_pp0_it36                             |   1|   0|    1|          0|
    |ap_reg_ppiten_pp0_it37                             |   1|   0|    1|          0|
    |ap_reg_ppiten_pp0_it38                             |   1|   0|    1|          0|
    |ap_reg_ppiten_pp0_it39                             |   1|   0|    1|          0|
    |ap_reg_ppiten_pp0_it4                              |   1|   0|    1|          0|
    |ap_reg_ppiten_pp0_it40                             |   1|   0|    1|          0|
    |ap_reg_ppiten_pp0_it41                             |   1|   0|    1|          0|
    |ap_reg_ppiten_pp0_it42                             |   1|   0|    1|          0|
    |ap_reg_ppiten_pp0_it43                             |   1|   0|    1|          0|
    |ap_reg_ppiten_pp0_it44                             |   1|   0|    1|          0|
    |ap_reg_ppiten_pp0_it45                             |   1|   0|    1|          0|
    |ap_reg_ppiten_pp0_it46                             |   1|   0|    1|          0|
    |ap_reg_ppiten_pp0_it47                             |   1|   0|    1|          0|
    |ap_reg_ppiten_pp0_it48                             |   1|   0|    1|          0|
    |ap_reg_ppiten_pp0_it49                             |   1|   0|    1|          0|
    |ap_reg_ppiten_pp0_it5                              |   1|   0|    1|          0|
    |ap_reg_ppiten_pp0_it50                             |   1|   0|    1|          0|
    |ap_reg_ppiten_pp0_it51                             |   1|   0|    1|          0|
    |ap_reg_ppiten_pp0_it52                             |   1|   0|    1|          0|
    |ap_reg_ppiten_pp0_it53                             |   1|   0|    1|          0|
    |ap_reg_ppiten_pp0_it54                             |   1|   0|    1|          0|
    |ap_reg_ppiten_pp0_it55                             |   1|   0|    1|          0|
    |ap_reg_ppiten_pp0_it56                             |   1|   0|    1|          0|
    |ap_reg_ppiten_pp0_it57                             |   1|   0|    1|          0|
    |ap_reg_ppiten_pp0_it58                             |   1|   0|    1|          0|
    |ap_reg_ppiten_pp0_it59                             |   1|   0|    1|          0|
    |ap_reg_ppiten_pp0_it6                              |   1|   0|    1|          0|
    |ap_reg_ppiten_pp0_it60                             |   1|   0|    1|          0|
    |ap_reg_ppiten_pp0_it61                             |   1|   0|    1|          0|
    |ap_reg_ppiten_pp0_it62                             |   1|   0|    1|          0|
    |ap_reg_ppiten_pp0_it63                             |   1|   0|    1|          0|
    |ap_reg_ppiten_pp0_it64                             |   1|   0|    1|          0|
    |ap_reg_ppiten_pp0_it65                             |   1|   0|    1|          0|
    |ap_reg_ppiten_pp0_it66                             |   1|   0|    1|          0|
    |ap_reg_ppiten_pp0_it67                             |   1|   0|    1|          0|
    |ap_reg_ppiten_pp0_it68                             |   1|   0|    1|          0|
    |ap_reg_ppiten_pp0_it69                             |   1|   0|    1|          0|
    |ap_reg_ppiten_pp0_it7                              |   1|   0|    1|          0|
    |ap_reg_ppiten_pp0_it70                             |   1|   0|    1|          0|
    |ap_reg_ppiten_pp0_it71                             |   1|   0|    1|          0|
    |ap_reg_ppiten_pp0_it72                             |   1|   0|    1|          0|
    |ap_reg_ppiten_pp0_it73                             |   1|   0|    1|          0|
    |ap_reg_ppiten_pp0_it8                              |   1|   0|    1|          0|
    |ap_reg_ppiten_pp0_it9                              |   1|   0|    1|          0|
    |ap_reg_ppstg_avg_size_reg_V_load_reg_653_pp0_it1   |  32|   0|   32|          0|
    |avg_size_reg_V                                     |  32|   0|   32|          0|
    |avg_size_reg_V_load_reg_653                        |  32|   0|   32|          0|
    |blk_cnt_V                                          |   8|   0|    8|          0|
    |currentState                                       |   2|   0|    2|          0|
    |currentState_load_reg_642                          |   2|   0|    2|          0|
    |data_in_reg_V                                      |  32|   0|   32|          0|
    |data_in_valid_V                                    |   1|   0|    1|          0|
    |data_in_valid_V_load_reg_659                       |   1|   0|    1|          0|
    |icmp5_reg_675                                      |   1|   0|    1|          0|
    |icmp_reg_682                                       |   1|   0|    1|          0|
    |out_sample_cnt_V                                   |   9|   0|    9|          0|
    |r_V_3_reg_708                                      |  65|   0|   65|          0|
    |rd_cnt_V                                           |  10|   0|   10|          0|
    |seq_len_reg_V                                      |  16|   0|   16|          0|
    |seq_len_reg_V_loc_reg_225                          |  16|   0|   16|          0|
    |tmp_10_reg_713                                     |  32|   0|   32|          0|
    |tmp_16_reg_747                                     |   1|   0|    1|          0|
    |tmp_19_reg_686                                     |   1|   0|    1|          0|
    |tmp_7_reg_663                                      |   1|   0|    1|          0|
    |tmp_9_reg_704                                      |   1|   0|    1|          0|
    |tmp_V_3_reg_718                                    |  64|   0|   64|          0|
    |tmp_V_8_reg_742                                    |  32|   0|   32|          0|
    |tmp_V_reg_695                                      |  32|   0|   32|          0|
    |tmp_data_V_1_9_reg_690                             |  32|   0|   32|          0|
    |tmp_data_V_1_reg_728                               |  32|   0|   32|          0|
    |tmp_reg_738                                        |   1|   0|    1|          0|
    |wr_cnt_V                                           |  10|   0|   10|          0|
    |currentState_load_reg_642                          |   0|   6|    2|          0|
    |data_in_valid_V_load_reg_659                       |   0|   3|    1|          0|
    |icmp5_reg_675                                      |   0|   3|    1|          0|
    |icmp_reg_682                                       |   0|   3|    1|          0|
    |seq_len_reg_V_loc_reg_225                          |   0|  48|   16|          0|
    |tmp_10_reg_713                                     |   0|  96|   32|          0|
    |tmp_7_reg_663                                      |   0|   3|    1|          0|
    |tmp_9_reg_704                                      |   0|   3|    1|          0|
    |tmp_V_reg_695                                      |   0|  96|   32|          0|
    +---------------------------------------------------+----+----+-----+-----------+
    |Total                                              | 622| 261|  709|          0|
    +---------------------------------------------------+----+----+-----+-----------+



================================================================
== Interface
================================================================
* Summary: 
+---------------+-----+-----+--------------+-----------------+--------------+
|   RTL Ports   | Dir | Bits|   Protocol   |  Source Object  |    C Type    |
+---------------+-----+-----+--------------+-----------------+--------------+
|ap_clk         |  in |    1| ap_ctrl_none |  pulse_cir_avg  | return value |
|ap_rst_n       |  in |    1| ap_ctrl_none |  pulse_cir_avg  | return value |
|i_data_TDATA   |  in |   32|     axis     | i_data_V_data_V |    pointer   |
|i_data_TVALID  |  in |    1|     axis     | i_data_V_data_V |    pointer   |
|i_data_TREADY  | out |    1|     axis     | i_data_V_last_V |    pointer   |
|i_data_TLAST   |  in |    1|     axis     | i_data_V_last_V |    pointer   |
|o_data_TDATA   | out |   32|     axis     | o_data_V_data_V |    pointer   |
|o_data_TVALID  | out |    1|     axis     | o_data_V_last_V |    pointer   |
|o_data_TREADY  |  in |    1|     axis     | o_data_V_last_V |    pointer   |
|o_data_TLAST   | out |    1|     axis     | o_data_V_last_V |    pointer   |
|threshold_V    |  in |   32|    ap_none   |   threshold_V   |    scalar    |
|seq_len_V      |  in |   16|    ap_none   |    seq_len_V    |    scalar    |
|avg_size_V     |  in |   32|    ap_none   |    avg_size_V   |    scalar    |
+---------------+-----+-----+--------------+-----------------+--------------+

