@I [HLS-0] Workspace /home/radar/Pulse_Avg/pulse_cir_avg/pulse_cir_avg/solution1 opened at Wed Oct 31 18:57:20 PDT 2018
@I [HLS-100] Command "config_clock -quiet -name default -period 5 -default=false "
@I [SYN-201] Setting up clock 'default' with a period of 5ns.
@I [HLS-100] Command 'config_clock' returned 0; elapsed 3.1e-05Total elapsed time: 0.117 sec.
@I [HLS-100] Command "open_platform DefaultPlatform "
@I [HLS-100] Command 'open_platform' returned 0; elapsed 3.1e-05Total elapsed time: 0.117 sec.
@I [HLS-100] Command "import_lib /opt/Xilinx/Vivado_HLS/2015.4/common/technology/xilinx/kintex7/kintex7 "
@I [HLS-100] Command "source /opt/Xilinx/Vivado_HLS/2015.4/common/technology/xilinx/common/xilinx.lib "
@I [HLS-100] Command "source /opt/Xilinx/Vivado_HLS/2015.4/common/technology/xilinx/interface/xilinx_interface.lib "
@I [HLS-100] Command "source /opt/Xilinx/Vivado_HLS/2015.4/common/technology/xilinx/interface/plb46.lib "
@I [HLS-100] Command 'ap_source' returned 0; elapsed 0.000146Total elapsed time: 0.118 sec.
@I [HLS-100] Command "source /opt/Xilinx/Vivado_HLS/2015.4/common/technology/xilinx/interface/fsl.lib "
@I [HLS-100] Command 'ap_source' returned 0; elapsed 7e-05Total elapsed time: 0.118 sec.
@I [HLS-100] Command "source /opt/Xilinx/Vivado_HLS/2015.4/common/technology/xilinx/interface/axi4.lib "
@I [HLS-100] Command 'ap_source' returned 0; elapsed 9.8e-05Total elapsed time: 0.118 sec.
@I [HLS-100] Command "source /opt/Xilinx/Vivado_HLS/2015.4/common/technology/xilinx/interface/maxi.lib "
@I [HLS-100] Command 'ap_source' returned 0; elapsed 8.6e-05Total elapsed time: 0.118 sec.
@I [HLS-100] Command "source /opt/Xilinx/Vivado_HLS/2015.4/common/technology/xilinx/interface/saxilite.lib "
@I [HLS-100] Command 'ap_source' returned 0; elapsed 5.8e-05Total elapsed time: 0.118 sec.
@I [HLS-100] Command 'ap_source' returned 0; elapsed 0.000605Total elapsed time: 0.118 sec.
@I [HLS-100] Command "source /opt/Xilinx/Vivado_HLS/2015.4/common/technology/xilinx/common/dsp48.lib "
@I [HLS-100] Command 'ap_source' returned 0; elapsed 5.8e-05Total elapsed time: 0.118 sec.
@I [HLS-100] Command "source /opt/Xilinx/Vivado_HLS/2015.4/common/technology/xilinx/ip/xfir.lib "
@I [HLS-100] Command 'ap_source' returned 0; elapsed 4.1e-05Total elapsed time: 0.118 sec.
@I [HLS-100] Command "source /opt/Xilinx/Vivado_HLS/2015.4/common/technology/xilinx/ip/dds_compiler.lib "
@I [HLS-100] Command 'ap_source' returned 0; elapsed 3.6e-05Total elapsed time: 0.118 sec.
@I [HLS-100] Command "source /opt/Xilinx/Vivado_HLS/2015.4/common/technology/xilinx/ip/xfft.lib "
@I [HLS-100] Command 'ap_source' returned 0; elapsed 3.4e-05Total elapsed time: 0.118 sec.
@I [HLS-100] Command 'ap_source' returned 0; elapsed 0.002024Total elapsed time: 0.119 sec.
@I [HLS-100] Command "source /opt/Xilinx/Vivado_HLS/2015.4/common/technology/xilinx/common/xilinx_old.lib "
@I [HLS-100] Command 'ap_source' returned 0; elapsed 0.00034Total elapsed time: 0.120 sec.
@I [HLS-100] Command "source /opt/Xilinx/Vivado_HLS/2015.4/common/technology/xilinx/common/xilinx_vivado.lib "
@I [HLS-100] Command 'ap_source' returned 0; elapsed 0.000335Total elapsed time: 0.121 sec.
@I [HLS-100] Command "source /opt/Xilinx/Vivado_HLS/2015.4/common/technology/xilinx/common/xilinx.hlp "
@I [HLS-100] Command "source /opt/Xilinx/Vivado_HLS/2015.4/common/technology/xilinx/common/target_info.tcl "
@I [HLS-100] Command 'ap_source' returned 0; elapsed 6.5e-05Total elapsed time: 0.122 sec.
@I [HLS-100] Command "source /opt/Xilinx/Vivado_HLS/2015.4/common/technology/xilinx/interface/xilinx_interface.hlp "
@I [HLS-100] Command "source /opt/Xilinx/Vivado_HLS/2015.4/common/technology/xilinx/interface/maxi.hlp "
@I [HLS-100] Command 'ap_source' returned 0; elapsed 4.6e-05Total elapsed time: 0.122 sec.
@I [HLS-100] Command "source /opt/Xilinx/Vivado_HLS/2015.4/common/technology/xilinx/interface/saxilite.hlp "
@I [HLS-100] Command 'ap_source' returned 0; elapsed 4.5e-05Total elapsed time: 0.122 sec.
@I [HLS-100] Command 'ap_source' returned 0; elapsed 0.000153Total elapsed time: 0.122 sec.
@I [HLS-100] Command "source /opt/Xilinx/Vivado_HLS/2015.4/common/technology/xilinx/common/dsp48.hlp "
@I [HLS-100] Command 'ap_source' returned 0; elapsed 0.000307Total elapsed time: 0.123 sec.
@I [HLS-100] Command 'ap_source' returned 0; elapsed 0.001182Total elapsed time: 0.123 sec.
@I [HLS-100] Command "source /opt/Xilinx/Vivado_HLS/2015.4/common/technology/xilinx/kintex7/dsp48e1.hlp "
@I [HLS-100] Command 'ap_source' returned 0; elapsed 4.9e-05Total elapsed time: 0.123 sec.
@I [HLS-100] Command "get_default_platform "
@I [HLS-100] Command 'get_default_platform' returned 0; elapsed 3e-06Total elapsed time: 0.123 sec.
@I [HLS-100] Command "config_chip_info -quiet -resource  {SLICE 50950} {LUT 203800}    {FF 407600} {DSP48E 840}    {BRAM 890}  "
@I [HLS-100] Command 'config_chip_info' returned 0; elapsed 1e-05Total elapsed time: 0.123 sec.
@I [HLS-100] Command "config_chip_info -quiet -speed medium "
@I [HLS-100] Command 'config_chip_info' returned 0; elapsed 2e-06Total elapsed time: 0.123 sec.
@I [HLS-100] Command 'import_lib' returned 0; elapsed 0.007269Total elapsed time: 0.125 sec.
@I [HLS-100] Command "source /opt/Xilinx/Vivado_HLS/2015.4/common/technology/xilinx/kintex7/kintex7.gen "
@I [HLS-100] Command "source /opt/Xilinx/Vivado_HLS/2015.4/common/technology/xilinx/common/virtex.gen "
@I [HLS-100] Command "source /opt/Xilinx/Vivado_HLS/2015.4/common/technology/xilinx/common/xilinx.gen "
@I [HLS-100] Command "source /opt/Xilinx/Vivado_HLS/2015.4/common/technology/xilinx/interface/plb46.gen "
@I [HLS-100] Command 'ap_source' returned 0; elapsed 0.000578Total elapsed time: 0.126 sec.
@I [HLS-100] Command "source /opt/Xilinx/Vivado_HLS/2015.4/common/technology/xilinx/interface/fsl.gen "
@I [HLS-100] Command 'ap_source' returned 0; elapsed 0.000202Total elapsed time: 0.126 sec.
@I [HLS-100] Command "source /opt/Xilinx/Vivado_HLS/2015.4/common/technology/xilinx/interface/axi4.gen "
@I [HLS-100] Command 'ap_source' returned 0; elapsed 0.000996Total elapsed time: 0.127 sec.
@I [HLS-100] Command "source /opt/Xilinx/Vivado_HLS/2015.4/common/technology/xilinx/interface/nativeAXI4.gen "
@I [HLS-100] Command "source /opt/Xilinx/Vivado_HLS/2015.4/common/technology/xilinx/interface/saxilite.gen "
@I [HLS-100] Command 'ap_source' returned 0; elapsed 0.001741Total elapsed time: 0.129 sec.
@I [HLS-100] Command "source /opt/Xilinx/Vivado_HLS/2015.4/common/technology/xilinx/interface/maxi.gen "
@I [HLS-100] Command 'ap_source' returned 0; elapsed 0.003431Total elapsed time: 0.132 sec.
@I [HLS-100] Command 'ap_source' returned 0; elapsed 0.005248Total elapsed time: 0.132 sec.
@I [HLS-100] Command "source /opt/Xilinx/Vivado_HLS/2015.4/common/technology/xilinx/scripts/xilinxcoregen.gen "
@I [HLS-100] Command 'ap_source' returned 0; elapsed 0.00411Total elapsed time: 0.136 sec.
@I [HLS-100] Command "source /opt/Xilinx/Vivado_HLS/2015.4/common/technology/xilinx/interface/XilEDKCoreGen.gen "
@I [HLS-100] Command 'ap_source' returned 0; elapsed 0.004028Total elapsed time: 0.140 sec.
@I [HLS-100] Command "source /opt/Xilinx/Vivado_HLS/2015.4/common/technology/xilinx/ip/xfft.gen "
@I [HLS-100] Command 'ap_source' returned 0; elapsed 0.057745Total elapsed time: 0.198 sec.
@I [HLS-100] Command "source /opt/Xilinx/Vivado_HLS/2015.4/common/technology/xilinx/ip/dds_compiler.gen "
@I [HLS-100] Command 'ap_source' returned 0; elapsed 0.001673Total elapsed time: 0.200 sec.
@I [HLS-100] Command "source /opt/Xilinx/Vivado_HLS/2015.4/common/technology/xilinx/ip/xfir.gen "
@I [HLS-100] Command "source /opt/Xilinx/Vivado_HLS/2015.4/tps/tcl/tcllib1.11.1/struct/list.tcl "
@I [HLS-100] Command "source /opt/Xilinx/Vivado_HLS/2015.4/tps/tcl/tcllib1.11.1/cmdline/cmdline.tcl "
@I [HLS-100] Command 'ap_source' returned 0; elapsed 0.000341Total elapsed time: 0.208 sec.
@I [HLS-100] Command 'ap_source' returned 0; elapsed 0.000772Total elapsed time: 0.208 sec.
@I [HLS-100] Command "source /opt/Xilinx/Vivado_HLS/2015.4/tps/tcl/tcllib1.11.1/math/bignum.tcl "
@I [HLS-100] Command 'ap_source' returned 0; elapsed 0.000267Total elapsed time: 0.213 sec.
@I [HLS-100] Command 'ap_source' returned 0; elapsed 0.016217Total elapsed time: 0.216 sec.
@I [HLS-100] Command "source /opt/Xilinx/Vivado_HLS/2015.4/common/technology/xilinx/ip/util.gen "
@I [HLS-100] Command 'ap_source' returned 0; elapsed 7.1e-05Total elapsed time: 0.216 sec.
@I [HLS-100] Command 'ap_source' returned 0; elapsed 0.091234Total elapsed time: 0.216 sec.
@I [HLS-100] Command "source /opt/Xilinx/Vivado_HLS/2015.4/common/technology/xilinx/common/dsp48.gen "
@I [HLS-100] Command 'ap_source' returned 0; elapsed 6.4e-05Total elapsed time: 0.217 sec.
@I [HLS-100] Command 'ap_source' returned 0; elapsed 0.092223Total elapsed time: 0.217 sec.
@I [HLS-100] Command 'ap_source' returned 0; elapsed 0.092316Total elapsed time: 0.217 sec.
@I [HLS-100] Command "open_platform DefaultPlatform "
@I [HLS-100] Command 'open_platform' returned 0; elapsed 4e-06Total elapsed time: 0.217 sec.
@I [HLS-100] Command "import_lib /opt/Xilinx/Vivado_HLS/2015.4/common/technology/xilinx/kintex7/kintex7_fpv6 "
@I [HLS-100] Command "source /opt/Xilinx/Vivado_HLS/2015.4/common/technology/xilinx/common/xilinx_fpv7.lib "
@I [HLS-100] Command "source /opt/Xilinx/Vivado_HLS/2015.4/common/technology/xilinx/common/xilinx_hp.lib "
@I [HLS-100] Command 'ap_source' returned 0; elapsed 0.000336Total elapsed time: 0.218 sec.
@I [HLS-100] Command 'ap_source' returned 0; elapsed 0.001609Total elapsed time: 0.219 sec.
@I [HLS-100] Command "source /opt/Xilinx/Vivado_HLS/2015.4/common/technology/xilinx/common/xilinx_fpv.hlp "
@I [HLS-100] Command "source /opt/Xilinx/Vivado_HLS/2015.4/common/technology/xilinx/common/xilinx.hlp "
@I [HLS-100] Command "source /opt/Xilinx/Vivado_HLS/2015.4/common/technology/xilinx/common/target_info.tcl "
@I [HLS-100] Command 'ap_source' returned 0; elapsed 7e-05Total elapsed time: 0.221 sec.
@I [HLS-100] Command "source /opt/Xilinx/Vivado_HLS/2015.4/common/technology/xilinx/interface/xilinx_interface.hlp "
@I [HLS-100] Command "source /opt/Xilinx/Vivado_HLS/2015.4/common/technology/xilinx/interface/maxi.hlp "
@I [HLS-100] Command 'ap_source' returned 0; elapsed 4.5e-05Total elapsed time: 0.222 sec.
@I [HLS-100] Command "source /opt/Xilinx/Vivado_HLS/2015.4/common/technology/xilinx/interface/saxilite.hlp "
@I [HLS-100] Command 'ap_source' returned 0; elapsed 4.5e-05Total elapsed time: 0.222 sec.
@I [HLS-100] Command 'ap_source' returned 0; elapsed 0.000151Total elapsed time: 0.222 sec.
@I [HLS-100] Command "source /opt/Xilinx/Vivado_HLS/2015.4/common/technology/xilinx/common/dsp48.hlp "
@I [HLS-100] Command 'ap_source' returned 0; elapsed 0.000281Total elapsed time: 0.222 sec.
@I [HLS-100] Command 'ap_source' returned 0; elapsed 0.001014Total elapsed time: 0.222 sec.
@I [HLS-100] Command 'ap_source' returned 0; elapsed 0.001259Total elapsed time: 0.222 sec.
@I [HLS-100] Command "source /opt/Xilinx/Vivado_HLS/2015.4/common/technology/xilinx/kintex7/kintex7_hp.hlp "
@I [HLS-100] Command 'ap_source' returned 0; elapsed 0.000386Total elapsed time: 0.223 sec.
@I [HLS-100] Command 'import_lib' returned 0; elapsed 0.007701Total elapsed time: 0.225 sec.
@I [HLS-100] Command "source /opt/Xilinx/Vivado_HLS/2015.4/common/technology/xilinx/kintex7/kintex7_fpv6.gen "
@I [HLS-100] Command "source /opt/Xilinx/Vivado_HLS/2015.4/common/technology/xilinx/common/xilinx_fpv6.gen "
@I [HLS-100] Command 'ap_source' returned 0; elapsed 0.000712Total elapsed time: 0.226 sec.
@I [HLS-100] Command 'ap_source' returned 0; elapsed 0.000768Total elapsed time: 0.226 sec.
@I [HLS-100] Command "set_part xc7k325tffg900-2 "
@I [HLS-100] Command "add_library xilinx/kintex7/kintex7:xc7k325t:ffg900:-2 "
@I [HLS-100] Command "get_default_platform "
@I [HLS-100] Command 'get_default_platform' returned 0; elapsed 2e-06Total elapsed time: 0.227 sec.
@I [HLS-100] Command "license_isbetapart xc7k325t "
@I [HLS-100] Command 'license_isbetapart' returned 1; elapsed 0.003207Total elapsed time: 0.231 sec.
@I [HLS-100] Command "get_default_platform "
@I [HLS-100] Command 'get_default_platform' returned 0; elapsed 3e-06Total elapsed time: 0.231 sec.
@I [HLS-100] Command "config_chip_info -quiet -resource  {SLICE 50950} {LUT 203800}    {FF 407600} {DSP48E 840}    {BRAM 890}  "
@I [HLS-100] Command 'config_chip_info' returned 0; elapsed 1e-05Total elapsed time: 0.231 sec.
@I [HLS-100] Command "config_chip_info -quiet -speed medium "
@I [HLS-100] Command 'config_chip_info' returned 0; elapsed 3e-06Total elapsed time: 0.231 sec.
@I [HLS-100] Command 'add_library' returned 0; elapsed 0.004552Total elapsed time: 0.232 sec.
@I [HLS-100] Command "add_library xilinx/kintex7/kintex7_fpv6 "
@I [HLS-100] Command "get_default_platform "
@I [HLS-100] Command 'get_default_platform' returned 0; elapsed 2e-06Total elapsed time: 0.232 sec.
@I [HLS-100] Command 'add_library' returned 0; elapsed 0.000668Total elapsed time: 0.232 sec.
@I [HLS-10] Setting target device to 'xc7k325tffg900-2'
@I [HLS-100] Command 'set_part' returned 0; elapsed 0.006463Total elapsed time: 0.232 sec.
@I [HLS-100] Command "get_default_platform "
@I [HLS-100] Command 'get_default_platform' returned 0; elapsed 2e-06Total elapsed time: 0.232 sec.
@I [HLS-100] Command "config_chip_info -quiet -resource  {SLICE 50950} {LUT 203800}    {FF 407600} {DSP48E 840}    {BRAM 890}  "
@I [HLS-100] Command 'config_chip_info' returned 0; elapsed 5e-06Total elapsed time: 0.232 sec.
@I [HLS-100] Command "config_chip_info -quiet -speed medium "
@I [HLS-100] Command 'config_chip_info' returned 0; elapsed 2e-06Total elapsed time: 0.233 sec.
@I [HLS-100] Command 'open_solution' returned 0; elapsed 0.117968Total elapsed time: 0.233 sec.
@I [HLS-100] Command "set_part xc7k325tffg900-2 "
@I [HLS-100] Command "add_library xilinx/kintex7/kintex7:xc7k325t:ffg900:-2 "
@I [HLS-100] Command "get_default_platform "
@I [HLS-100] Command 'get_default_platform' returned 0; elapsed 2e-06Total elapsed time: 0.234 sec.
@I [HLS-100] Command "license_isbetapart xc7k325t "
@I [HLS-100] Command 'license_isbetapart' returned 1; elapsed 1.7e-05Total elapsed time: 0.234 sec.
@I [HLS-100] Command "get_default_platform "
@I [HLS-100] Command 'get_default_platform' returned 0; elapsed 2e-06Total elapsed time: 0.234 sec.
@I [HLS-100] Command "config_chip_info -quiet -resource  {SLICE 50950} {LUT 203800}    {FF 407600} {DSP48E 840}    {BRAM 890}  "
@I [HLS-100] Command 'config_chip_info' returned 0; elapsed 5e-06Total elapsed time: 0.234 sec.
@I [HLS-100] Command "config_chip_info -quiet -speed medium "
@I [HLS-100] Command 'config_chip_info' returned 0; elapsed 1e-06Total elapsed time: 0.234 sec.
@I [HLS-100] Command 'add_library' returned 0; elapsed 0.001027Total elapsed time: 0.234 sec.
@I [HLS-100] Command "add_library xilinx/kintex7/kintex7_fpv6 "
@I [HLS-100] Command "get_default_platform "
@I [HLS-100] Command 'get_default_platform' returned 0; elapsed 2e-06Total elapsed time: 0.235 sec.
@I [HLS-100] Command 'add_library' returned 0; elapsed 0.00061Total elapsed time: 0.235 sec.
@I [HLS-100] Command 'set_part' returned 0; elapsed 0.002196Total elapsed time: 0.235 sec.
@I [HLS-100] Command "create_clock -period 5 -name default "
@I [HLS-100] Command 'create_clock' returned 0; elapsed 0.000463Total elapsed time: 0.236 sec.
@I [HLS-100] Command "csynth_design "
@I [HLS-100] Command "elaborate -effort=medium -skip_syncheck=0 -keep_printf=0 -lm=0 -skip_cdt=0 -skip_transform=0 -ng=0 -g=0 -opt_fp=0 "
@I [HLS-10] Analyzing design file 'pulse_cir_avg.cpp' ... 
@0 [HLS-0] Analyzing design file 'pulse_cir_avg.cpp' ... 
@I [HLS-0] Compiling one TU...
@I [HLS-0] 
Checking before pre-process: exec clang -fno-limit-debug-info -gcc-toolchain "/opt/Xilinx/Vivado_HLS/2015.4/lnx64/tools/gcc" -hls    -fno-math-errno -c -emit-llvm -O0  -mllvm -disable-llvm-optzns -fno-threadsafe-statics  -fno-use-cxa-atexit  -fno-threadsafe-statics -fno-use-cxa-atexit   -I "/opt/Xilinx/Vivado_HLS/2015.4/lnx64/tools/systemc/include" -I "/opt/Xilinx/Vivado_HLS/2015.4/include" -I "/opt/Xilinx/Vivado_HLS/2015.4/include/ap_sysc" -fexceptions -I "/opt/Xilinx/Vivado_HLS/2015.4/common/technology/autopilot" -include etc/autopilot_ssdm_op.h "pulse_cir_avg.cpp"  -o "/home/radar/Pulse_Avg/pulse_cir_avg/pulse_cir_avg/solution1/.autopilot/db/pulse_cir_avg.pp.00.o"

@I [HLS-100] Command "is_encrypted /home/radar/Pulse_Avg/pulse_cir_avg/pulse_cir_avg/solution1/.autopilot/db/pulse_cir_avg.pp.00.o "
@I [HLS-100] Command 'is_encrypted' returned 0; elapsed 5.8e-05Total elapsed time: 0.711 sec.
@I [HLS-0] Syntax Checker time: 0 seconds per iteration
@I [HLS-0] 
Source preprocessing: exec clang -fno-limit-debug-info -gcc-toolchain "/opt/Xilinx/Vivado_HLS/2015.4/lnx64/tools/gcc" -hls -fno-exceptions  -D__llvm__  -CC -E "pulse_cir_avg.cpp"     -fno-math-errno -c -emit-llvm -O0  -mllvm -disable-llvm-optzns -fno-threadsafe-statics  -fno-use-cxa-atexit  -fno-threadsafe-statics -fno-use-cxa-atexit -DAESL_SYN -D__SYNTHESIS__ -D__HLS_SYN__ -I "/opt/Xilinx/Vivado_HLS/2015.4/common/technology/autopilot" -I "/opt/Xilinx/Vivado_HLS/2015.4/common/technology/autopilot/ap_sysc" -include etc/autopilot_ssdm_op.h  -o "/home/radar/Pulse_Avg/pulse_cir_avg/pulse_cir_avg/solution1/.autopilot/db/pulse_cir_avg.pp.0.cpp"

@I [HLS-0] GCC PP time: 0 seconds per iteration
@I [HLS-100] Command "list_core -type functional_unit "
@I [HLS-100] Command 'list_core' returned 0; elapsed 6.1e-05Total elapsed time: 0.779 sec.
@I [HLS-0] Marker-Pragma convertor: /home/radar/Pulse_Avg/pulse_cir_avg/pulse_cir_avg/solution1/.autopilot/db/pulse_cir_avg.pp.0.cpp /home/radar/Pulse_Avg/pulse_cir_avg/pulse_cir_avg/solution1/.autopilot/db/pulse_cir_avg.pp.0.cpp.ap-line.cpp /home/radar/Pulse_Avg/pulse_cir_avg/pulse_cir_avg/solution1/.autopilot/db/pulse_cir_avg.pp.0.cpp.ap-line.cpp.CXX 1
@I [HLS-0] 
Source processor: exec /opt/Xilinx/Vivado_HLS/2015.4/tps/lnx64/jre/bin/java -Xmx512m -classpath   "/opt/Xilinx/Vivado_HLS/2015.4/lib/classes/autopilot.sourceprocessor.jar:/opt/Xilinx/Vivado_HLS/2015.4/lib/classes/org.eclipse.cdt.core_5.3.0.xilinx_patch.jar:/opt/Xilinx/Vivado_HLS/2015.4/lib/classes/org.eclipse.core.runtime_3.7.0.v20110110.jar:/opt/Xilinx/Vivado_HLS/2015.4/lib/classes/org.eclipse.equinox.common_3.6.0.v20110523.jar:/opt/Xilinx/Vivado_HLS/2015.4/lib/classes/com.ibm.icu_4.4.2.v20110208.jar:/opt/Xilinx/Vivado_HLS/2015.4/lib/classes/jargs.jar:/opt/Xilinx/Vivado_HLS/2015.4/lnx64/tools/eclipse/plugins/org.eclipse.emf.common_2.10.1.v20150123-0348.jar:/opt/Xilinx/Vivado_HLS/2015.4/lnx64/tools/eclipse/plugins/org.eclipse.emf.ecore_2.10.2.v20150123-0348.jar:/opt/Xilinx/Vivado_HLS/2015.4/lnx64/tools/eclipse/plugins/org.eclipse.emf.ecore.xmi_2.10.2.v20150123-0348.jar:/opt/Xilinx/Vivado_HLS/2015.4/lnx64/tools/eclipse/plugins/com.autoesl.autopilot.ui.directiveFileModel_1.0.0.jar:/opt/Xilinx/Vivado_HLS/2015.4/lnx64/tools/eclipse/plugins/com.autoesl.autopilot.ui.common_1.0.0.jar"  autopilot.sourceprocessor.CParser  "/home/radar/Pulse_Avg/pulse_cir_avg/pulse_cir_avg/solution1/.autopilot/db/pulse_cir_avg.pp.0.cpp.ap-line.cpp"  -m "pulse_cir_avg" -o "/home/radar/Pulse_Avg/pulse_cir_avg/pulse_cir_avg/solution1/.autopilot/db/pulse_cir_avg.pp.0.cpp.ap-cdt.cpp" --pp --directive /home/radar/Pulse_Avg/pulse_cir_avg/pulse_cir_avg/solution1/solution1.directive --source /home/radar/Pulse_Avg/pulse_cir_avg/pulse_cir_avg.cpp --error /home/radar/Pulse_Avg/pulse_cir_avg/pulse_cir_avg/solution1/.autopilot/db --funcunit "AddSub AddSub_DSP AddSubnS DAddSub_fulldsp DAddSub_nodsp DDiv DExp_fulldsp DExp_meddsp DExp_nodsp DLog_fulldsp DLog_meddsp DLog_nodsp DMul_fulldsp DMul_maxdsp DMul_meddsp DMul_nodsp DRSqrt DRecip DSqrt DivnS FAddSub_fulldsp FAddSub_nodsp FDiv FExp_fulldsp FExp_meddsp FExp_nodsp FLog_fulldsp FLog_meddsp FLog_nodsp FMul_fulldsp FMul_maxdsp FMul_meddsp FMul_nodsp FRSqrt_fulldsp FRSqrt_nodsp FRecip_fulldsp FRecip_nodsp FSqrt HAddSub_nodsp HDiv HMul_fulldsp HMul_maxdsp HMul_nodsp HSqrt Mul Mul2S Mul3S Mul4S Mul5S Mul6S Mul_LUT MulnS MuxnS" --ve --vetcl /home/radar/Pulse_Avg/pulse_cir_avg/pulse_cir_avg/solution1/.autopilot/db --ca --es --gf --df --pd --p2d /home/radar/Pulse_Avg/pulse_cir_avg/pulse_cir_avg/solution1/.autopilot/db --sd --scff /home/radar/Pulse_Avg/pulse_cir_avg/pulse_cir_avg/solution1/.autopilot/db/.systemc_flag --ad

@I [HLS-0] Error:Syntax error in source:for (__decltype(__n + 0) __niter = __n;
Error:Missing ; in source:t
Error:Syntax error in source:)
 *__first = __value;
Error:Syntax error in source:for (__decltype(__n + 0) __niter = __n;
Error:Missing ; in source:t
Error:Syntax error in source:)
 *__first = __tmp;
@I [HLS-0] Marker-Pragma convertor: /home/radar/Pulse_Avg/pulse_cir_avg/pulse_cir_avg/solution1/.autopilot/db/pulse_cir_avg.pp.0.cpp.ap-cdt.cpp /home/radar/Pulse_Avg/pulse_cir_avg/pulse_cir_avg/solution1/.autopilot/db/pulse_cir_avg.pragma.0.cpp /home/radar/Pulse_Avg/pulse_cir_avg/pulse_cir_avg/solution1/.autopilot/db/pulse_cir_avg.pragma.0.cpp.ap-line.CXX 0
@I [HLS-100] Command "source /home/radar/Pulse_Avg/pulse_cir_avg/pulse_cir_avg/solution1/.autopilot/db/pragma.status.tcl "
@I [HLS-100] Command 'ap_source' returned 0; elapsed 4.8e-05Total elapsed time: 6.256 sec.
@I [HLS-0] CDT processor time: 5 seconds per iteration
@I [HLS-0] Pragma handling time: 0 seconds per iteration
@I [HLS-0] 
Source preprocessing: exec clang -fno-limit-debug-info -gcc-toolchain "/opt/Xilinx/Vivado_HLS/2015.4/lnx64/tools/gcc" -hls -fno-exceptions  -D__llvm__  -CC -E "/home/radar/Pulse_Avg/pulse_cir_avg/pulse_cir_avg/solution1/.autopilot/db/pulse_cir_avg.pragma.1.cpp"     -fno-math-errno -c -emit-llvm -O0  -mllvm -disable-llvm-optzns -fno-threadsafe-statics  -fno-use-cxa-atexit  -fno-threadsafe-statics -fno-use-cxa-atexit -DAESL_SYN -D__SYNTHESIS__ -D__HLS_SYN__ -I "/opt/Xilinx/Vivado_HLS/2015.4/common/technology/autopilot" -I "/opt/Xilinx/Vivado_HLS/2015.4/common/technology/autopilot/ap_sysc" -include etc/autopilot_ssdm_op.h  -o "/home/radar/Pulse_Avg/pulse_cir_avg/pulse_cir_avg/solution1/.autopilot/db/pulse_cir_avg.pragma.2.cpp"

@I [HLS-0] exec clang -fno-limit-debug-info -gcc-toolchain /opt/Xilinx/Vivado_HLS/2015.4/lnx64/tools/gcc -hls -hls-analyze-label -hls-analyze-pragma -fno-exceptions  -D__llvm__  -w  "/home/radar/Pulse_Avg/pulse_cir_avg/pulse_cir_avg/solution1/.autopilot/db/pulse_cir_avg.pragma.2.cpp"    -fno-math-errno -c -emit-llvm -O0  -mllvm -disable-llvm-optzns -fno-threadsafe-statics  -fno-use-cxa-atexit -DAESL_SYN -D__SYNTHESIS__ -D__HLS_SYN__ -I "/opt/Xilinx/Vivado_HLS/2015.4/common/technology/autopilot" -I "/opt/Xilinx/Vivado_HLS/2015.4/common/technology/autopilot/ap_sysc" -include etc/autopilot_ssdm_op.h -g -o "/home/radar/Pulse_Avg/pulse_cir_avg/pulse_cir_avg/solution1/.autopilot/db/pulse_cir_avg.g.bc"
@I [HLS-100] Command "source /home/radar/Pulse_Avg/pulse_cir_avg/pulse_cir_avg/solution1/.autopilot/db/ve_warning.tcl "
@I [HLS-100] Command 'ap_source' returned 0; elapsed 4.5e-05Total elapsed time: 7.92 sec.
@I [HLS-10] Validating synthesis directives ...
@0 [HLS-0] Validating synthesis directives ...
@I [HLS-100] Command "source /home/radar/Pulse_Avg/pulse_cir_avg/pulse_cir_avg/solution1/.autopilot/db/pragma.status.tcl "
@I [HLS-100] Command 'ap_source' returned 0; elapsed 2.5e-05Total elapsed time: 7.92 sec.
@I [HLS-0] Linking all ...
@I [HLS-0] exec llvm-ld  "/home/radar/Pulse_Avg/pulse_cir_avg/pulse_cir_avg/solution1/.autopilot/db/pulse_cir_avg.bc"  -disable-opt  -L/opt/Xilinx/Vivado_HLS/2015.4/lnx64/lib -lm_basic -o "/home/radar/Pulse_Avg/pulse_cir_avg/pulse_cir_avg/solution1/.autopilot/db/a.o.pre"
@I [HLS-0] Link time: 0 seconds per iteration
@I [HLS-0] Linking all ...
@I [HLS-0] exec llvm-ld  "/home/radar/Pulse_Avg/pulse_cir_avg/pulse_cir_avg/solution1/.autopilot/db/pulse_cir_avg.g.bc"  -disable-opt  -L/opt/Xilinx/Vivado_HLS/2015.4/lnx64/lib -lm_basic -o "/home/radar/Pulse_Avg/pulse_cir_avg/pulse_cir_avg/solution1/.autopilot/db/a.g.pre"
@I [HLS-0] Link time: 0 seconds per iteration
@I [HLS-100] Command "opt_and_import_c a -opt_level=2 -skip_syncheck=0 -ng=0 -keep_printf=0 "
@I [HLS-100] Command "cleanup_all_models "
@I [HLS-100] Command 'cleanup_all_models' returned 0; elapsed 8e-06Total elapsed time: 7.388 sec.
@I [HLS-10] Starting code transformations ...
@0 [HLS-0] Starting code transformations ...
@I [HLS-0] std xform: transform -hls -share-std-xform -always-inline -promote-dbg-pointer  -interface-preproc  -scalarrepl -mem2reg -keep-read-access -instcombine -dce  -promote-dbg-pointer  -bitop-raise  -indvars -loop-simplify -xunroll  -constprop -instcombine -simplifycfg -indvars  -simplifycfg -dce -globaldce  -basicaa  -simplifycfg -mem2reg -globalopt  -global-constprop -deadargelim -instcombine -simplifycfg  -prune-eh -simplifycfg  -scalarrepl -instcombine -reassociate -licm  -simplifycfg -loop-simplify -indvars -instcombine  -simplifycfg -mem2reg -loop-simplify -indvars -instcombine  -gvn -gvn -instcombine -adce  -break-crit-edges  -simplifycfg -loop-delete  -global-array-opt -dce -dse -adce  -find-syn-modules -top pulse_cir_avg  -deadargelim  -mem2reg -instcombine -dce  -presyn-prepare -auto-rom-infer  -interface-preproc  -syn-check -check-rec-only  -find-region -simplifycfg -func-extr -function-inline  -globaldce -mem2reg -instcombine -dce   -gvn -globaldce -adce -adse  -constprop -instcombine -bit-constprop  -instcombine -dce -simplifycfg -bitop-raise  -simplifycfg -dce -loop-delete -reassociate  -globalopt -global-privatize -mem2reg -dce  -global-constprop -pointer-simplify -constprop -dce  -func-inst -deadargelim  -promote-dbg-pointer  -norm-name   /home/radar/Pulse_Avg/pulse_cir_avg/pulse_cir_avg/solution1/.autopilot/db/a.g.0.bc -o /home/radar/Pulse_Avg/pulse_cir_avg/pulse_cir_avg/solution1/.autopilot/db/a.g.1.bc -f  -phase std-opt
@I [HLS-0] Std xform time: 0 seconds per iteration
@I [HLS-100] Command "is_encrypted /home/radar/Pulse_Avg/pulse_cir_avg/pulse_cir_avg/solution1/.autopilot/db/a.g.1.bc "
@I [HLS-100] Command 'is_encrypted' returned 0; elapsed 5e-05Total elapsed time: 7.578 sec.
@I [HLS-10] Checking synthesizability ...
@0 [HLS-0] Checking synthesizability ...
@I [HLS-0] syn check 1/2: transform -hls -syn-check -check-rec-only -disaggr -scalarrepl -norm-name -dce  -mem2reg -instcombine  -function-uniquify -directive-preproc -mem2reg -dse -dce -auto-rom-infer -dce  -array-normalize -instcombine -dce  -array-seg-normalize -instcombine -dce  -array-flatten -instcombine -dce  -array-burst -dce  -deadargelim -promote-global-argument  -function-inline -globaldce -dce  -doublePtrSimplify -doublePtrElim -dce  -doublePtrSimplify -promote-dbg-pointer  -dce -scalarrepl -dse -adse -instcombine  -ptrLegalization  -simplifycfg -dce -instcombine  -pointer-simplify -ptrArgReplace -dce -instcombine   -disaggr -scalarrepl -norm-name -dce  -mem2reg -instcombine -ptrLegalization   -simplifycfg -deadargelim  -instcombine -dce -inst-simplify  -function-uniquify -directive-preproc -mem2reg -dse -dce  -globaldce    /home/radar/Pulse_Avg/pulse_cir_avg/pulse_cir_avg/solution1/.autopilot/db/a.g.1.bc -o /home/radar/Pulse_Avg/pulse_cir_avg/pulse_cir_avg/solution1/.autopilot/db/a.g.2.prechk.bc -f
@I [HLS-0] Syn check 1/2 time: 0 seconds per iteration
@I [HLS-0] syn check 2/2: transform -syn-check   /home/radar/Pulse_Avg/pulse_cir_avg/pulse_cir_avg/solution1/.autopilot/db/a.g.2.prechk.bc -o /home/radar/Pulse_Avg/pulse_cir_avg/pulse_cir_avg/solution1/.autopilot/db/a.g.2.bc -f  -phase syn-check
@I [HLS-0] Syn check 2/2 time: 0 seconds per iteration
@I [HLS-0] Compiler optimizing ...
@I [HLS-0] Share syncheck's 1.bc for syn flow: copy /home/radar/Pulse_Avg/pulse_cir_avg/pulse_cir_avg/solution1/.autopilot/db/a.g.1.bc to /home/radar/Pulse_Avg/pulse_cir_avg/pulse_cir_avg/solution1/.autopilot/db/a.o.1.bc
@I [HLS-0] presyn 1: transform -hls -tmp /home/radar/Pulse_Avg/pulse_cir_avg/pulse_cir_avg/solution1/.autopilot/db -type-info  -function-uniquify -directive-preproc -mem2reg -dse -dce  -disaggr -scalarrepl -norm-name -deadargelim  -mem2reg -instcombine -dce -auto-rom-infer -dce -function-uniquify  -resource-proc  -clib-intrinsic-prepare -dce  -func-buffer -dce -array-normalize  -func-legal -instcombine -gvn -constprop -dce   -ptrArgReplace -mem2reg -instcombine -dce  -array-seg-normalize -deadargelim  -instcombine -dce  -pointer-simplify -dce  -port-alignment -dce  -interface-preproc  -data-pack -instcombine -dce   -basicaa -aggr-aa -aggrmodref-aa -aggr-aa -gvn -gvn  -basicaa -aggr-aa -aggrmodref-aa -aggr-aa -dse -adse -adce  -loop-simplify -indvars -instcombine  -gvn -loop-simplify -mem2reg -dce -simplifycfg  -find-region -instcombine  -auto-loop-pipeline  -inst-simplify  -interface-preproc  -indvars -auto-loop-unroll -loop-simplify -loop-bound -xunroll  -constprop -instcombine -simplifycfg -indvars  -simplifycfg -dce -globaldce  -attach-range  -gvn -inst-simplify  -constprop -simplifycfg -dce  -pointer-simplify -dce  -globalopt -constprop -dce  -array-promote -constprop -instcombine -dce  -ptrArgReplace -mem2reg  -instcombine -simplifycfg -dce  -auto-par -instcombine -dce  -array-transform-check  -array-reshape -instcombine -simplifycfg -dce  -ptrArgReplace -deadargelim -mem2reg  -instcombine -simplifycfg -dce   -duplicate-dataflow-processes -globaldce  -array-partition -instcombine -simplifycfg -dce  -ptrArgReplace -global-constprop -deadargelim -mem2reg  -func-legal -instcombine -dce -global-constprop -deadargelim -mem2reg  -instcombine -simplifycfg -dce   -globalopt -constprop -dce  -array-promote -constprop -instcombine -dce  -ptrArgReplace -mem2reg  -instcombine -simplifycfg -dce   -mem-intrinsic-preproc -dce  -global-privatize  -mem2reg -globaldce  -promote-global-argument  -ptrArgReplace -mem2reg -instcombine -dce  -globalopt -mergereturn -simplify-global-access -mem2reg -dce  -pointer-simplify -dce  -functionattrs  -basicaa -aggr-aa -aggrmodref-aa -aggr-aa -gvn -gvn  -basicaa -aggr-aa -aggrmodref-aa -aggr-aa -dse -adse -adce  -inst-simplify -dce -norm-name  -function-inline -globaldce  -func-inst -constprop -instcombine -simplifycfg -dce  -func-legal -dce   -loop-bound  -arraycheck -bitwidthmin -on-by-dataflow  -loop-delete -instcombine -simplifycfg  -globaldce -dce -gvn -deadargelim -dce -loop-simplify -clean-region -simplifycfg -propagate-stable-arguments  -loop-stream -instcombine -simplifycfg -dce -globaldce  -stream-intrinsic-preproc -dce  -check-ap-stream -loop-simplify -eliminate-keepreads  -extract-dataflow-in-loop -loop-simplify -dce -gvn -deadargelim  -check-dataflow-syntax  -legalize-stream-variable -legalize-global -legalize-global-1  -extract-subproc -dce -dead-channel-elimination  -canonicalize-gep -globaldce -dce -gvn -deadargelim  -scalar-propagation -deadargelim -globaldce -mem2reg  -check-dataflow-channels -function-stream -dce -globaldce  -prop-fifo-spec -internal-stream-gen  -canonicalize-gep -globaldce -dce -gvn -deadargelim   -mergereturn -indvars -loop-simplify  -array-stream -instcombine -simplifycfg -dce  -bundle-memfifo-ops -deadargelim    -function-uniquify -directive-preproc -mem2reg -dse -dce  -group-axi-access    -licm -simplifycfg -dce -loop-delete  -norm-name  /home/radar/Pulse_Avg/pulse_cir_avg/pulse_cir_avg/solution1/.autopilot/db/a.o.1.bc -o /home/radar/Pulse_Avg/pulse_cir_avg/pulse_cir_avg/solution1/.autopilot/db/a.o.1.tmp.bc -f
@I [HLS-0] Presyn 1 time: 0 seconds per iteration
@I [HLS-0] presyn 2: transform -hls -keep-callgraph -scalarrepl -mem2reg  -port-alignment -attach-range -dce  -pipe-mux-gen  -indvars -loop-bound  -inst-simplify -instcombine -dce  -merge-array-access -mem2reg -dce  -clean-region -mergereturn -if-conv  -instcombine -dce -constprop  -basicaa -aggr-aa -aggrmodref-aa -aggr-aa -gvn -gvn  -basicaa -aggr-aa -aggrmodref-aa -aggr-aa -dse -adse -adce  -scalarrepl -mem2reg  -global-constprop -deadargelim -deadargelim  -instcombine -dce -simplifycfg    -ptrArgReplace -mem2reg -function-inline  -globaldce -mem2reg -instcombine -dce -expr-balance  -instcombine -dce  -bitwidthmin  -directive-preproc  -inst-rectify -instcombine -dce  -functionattrs  -constprop -instcombine -bit-constprop  -simplify-global-access  -globalopt -globaldce  -inst-simplify -instcombine -elimdeaddata -dce  -loop-delete -simplifycfg   -norm-name /home/radar/Pulse_Avg/pulse_cir_avg/pulse_cir_avg/solution1/.autopilot/db/a.o.1.tmp.bc -o /home/radar/Pulse_Avg/pulse_cir_avg/pulse_cir_avg/solution1/.autopilot/db/a.o.2.bc -f  -phase presyn
@I [XFORM-401] Performing if-conversion on hyperblock from (pulse_cir_avg.cpp:239:32) to (pulse_cir_avg.cpp:259:9) in function 'pulse_cir_avg'... converting 5 basic blocks.
@I [HLS-0] Presyn 2 time: 0 seconds per iteration
@I [HLS-100] Command "is_encrypted /home/radar/Pulse_Avg/pulse_cir_avg/pulse_cir_avg/solution1/.autopilot/db/a.o.2.bc "
@I [HLS-100] Command 'is_encrypted' returned 0; elapsed 0.000101Total elapsed time: 8.116 sec.
@I [HLS-0] build ssdm: transform -hls  -function-uniquify -auto-function-inline -globaldce  -ptrArgReplace -mem2reg -instcombine -dce  -reset-lda  -loop-simplify -indvars -licm -loop-dep  -loop-bound -licm -loop-simplify -flattenloopnest  -array-flatten -gvn -instcombine -dce  -array-map -dce -func-legal  -gvn -adce -instcombine -cfgopt -simplifycfg -loop-simplify   -array-burst -promote-global-argument -dce  -axi4-lower -array-seg-normalize  -basicaa -aggrmodref-aa -globalsmodref-aa -aggr-aa -gvn -gvn  -basicaa -aggrmodref-aa -globalsmodref-aa -aggr-aa -dse -adse -adce -licm  -inst-simplify -dce  -globaldce -array-stream -eliminate-keepreads -instcombine  -dce   -deadargelim -doublePtrSimplify  -doublePtrElim -dce -doublePtrSimplify -promote-dbg-pointer  -dce -scalarrepl -mem2reg -disaggr -norm-name -mem2reg  -instcombine  -dse -adse -adce -ptrLegalization -dce -auto-rom-infer -array-flatten -dce -instcombine  -loop-rot -constprop -cfgopt -simplifycfg -loop-simplify -indvars -pointer-simplify -dce -loop-bound  -loop-simplify -loop-preproc  -constprop -global-constprop -gvn -mem2reg -instcombine -dce  -loop-merge -dce  -bitwidthmin  -deadargelim -dce  -scalar-propagation -deadargelim -globaldce -mem2reg  -interface-preproc -interface-gen  -deadargelim -directive-preproc -inst-simplify -dce  -gvn -mem2reg -instcombine -dce -adse  -loop-bound  -instcombine -cfgopt -simplifycfg -loop-simplify  -clean-region -io-protocol  -find-region -mem2reg  -bitop-raise  -inst-simplify -inst-rectify -instcombine -adce -deadargelim  -loop-simplify -phi-opt -bitop-raise  -cfgopt -simplifycfg -strip-dead-prototypes  -interface-lower -bitop-lower -intrinsic-lower -auto-function-inline  -basicaa -aggrmodref-aa -globalsmodref-aa -aggr-aa  -inst-simplify -simplifycfg   -mergereturn -inst-simplify -inst-rectify  -dce -bitop-lower  -loop-rewind -pointer-simplify -dce -cfgopt  -read-loop-dep -dce -bitwidth -norm-name -legalize    -cdfg-build  /home/radar/Pulse_Avg/pulse_cir_avg/pulse_cir_avg/solution1/.autopilot/db/a.o.2.bc -o /home/radar/Pulse_Avg/pulse_cir_avg/pulse_cir_avg/solution1/.autopilot/db/a.o.3.bc -f  -phase build-ssdm
@W [ANALYSIS-52] Setting false inter dependency for variable 'pfetch_data.V'.
@I [HLS-0] Build ssdm time: 0 seconds per iteration
@I [HLS-100] Command "is_encrypted /home/radar/Pulse_Avg/pulse_cir_avg/pulse_cir_avg/solution1/.autopilot/db/a.o.3.bc "
@I [HLS-100] Command 'is_encrypted' returned 0; elapsed 0.000145Total elapsed time: 8.367 sec.
@I [HLS-0] Finish building internal data model.
@I [HLS-100] Command 'opt_and_import_c' returned 0; elapsed 0.823294Total elapsed time: 8.399 sec.
@I [HLS-111] Elapsed time: 1.91452 seconds; current memory usage: 88 MB.
@I [HLS-100] Command 'elaborate' returned 0; elapsed 1.67905Total elapsed time: 8.399 sec.
@I [HLS-100] Command "autosyn "
@I [HLS-10] Starting hardware synthesis ...
@0 [HLS-0] Starting hardware synthesis ...
@I [HLS-0] Synthesizing C/C++ design ...
@I [HLS-10] Synthesizing 'pulse_cir_avg' ...
@0 [HLS-0] Synthesizing 'pulse_cir_avg' ...
@I [HLS-100] Command "ap_set_top_model pulse_cir_avg "
@I [HLS-100] Command 'ap_set_top_model' returned 0; elapsed 3.7e-05Total elapsed time: 8.400 sec.
@I [HLS-100] Command "get_model_list pulse_cir_avg -filter all-wo-channel -topdown "
@I [HLS-100] Command 'get_model_list' returned 0; elapsed 1.7e-05Total elapsed time: 8.400 sec.
@I [HLS-100] Command "preproc_iomode -model pulse_cir_avg "
@I [HLS-100] Command 'preproc_iomode' returned 0; elapsed 0.000183Total elapsed time: 8.400 sec.
@I [HLS-100] Command "get_model_list pulse_cir_avg -filter all-wo-channel "
@I [HLS-100] Command 'get_model_list' returned 0; elapsed 1e-05Total elapsed time: 8.400 sec.
@I [HLS-0] Model list for configure: pulse_cir_avg
@I [HLS-0] Configuring Module : pulse_cir_avg ...
@I [HLS-100] Command "set_default_model pulse_cir_avg "
@I [HLS-100] Command 'set_default_model' returned 0; elapsed 9e-05Total elapsed time: 8.400 sec.
@I [HLS-100] Command "apply_spec_resource_limit pulse_cir_avg "
@I [HLS-100] Command 'apply_spec_resource_limit' returned 0; elapsed 1.9e-05Total elapsed time: 8.400 sec.
@I [HLS-0] Model list for preprocess: pulse_cir_avg
@I [HLS-0] Preprocessing Module: pulse_cir_avg ...
@I [HLS-100] Command "set_default_model pulse_cir_avg "
@I [HLS-100] Command 'set_default_model' returned 0; elapsed 8.3e-05Total elapsed time: 8.400 sec.
@I [HLS-100] Command "cdfg_preprocess -model pulse_cir_avg "
@I [HLS-100] Command 'cdfg_preprocess' returned 0; elapsed 0.002832Total elapsed time: 8.403 sec.
@I [HLS-100] Command "rtl_gen_preprocess pulse_cir_avg "
@I [HLS-100] Command 'rtl_gen_preprocess' returned 0; elapsed 0.000543Total elapsed time: 8.404 sec.
@I [HLS-0] Model list for synthesis: pulse_cir_avg
@I [HLS-10] ----------------------------------------------------------------
@0 [HLS-0] ----------------------------------------------------------------
@I [HLS-10] -- Scheduling module 'pulse_cir_avg' 
@0 [HLS-0] -- Scheduling module 'pulse_cir_avg' 
@I [HLS-10] ----------------------------------------------------------------
@0 [HLS-0] ----------------------------------------------------------------
@I [HLS-100] Command "set_default_model pulse_cir_avg "
@I [HLS-100] Command 'set_default_model' returned 0; elapsed 7.1e-05Total elapsed time: 8.404 sec.
@I [HLS-100] Command "schedule -model pulse_cir_avg "
@I [SCHED-11] Starting scheduling ...
@I [SCHED-61] Pipelining function 'pulse_cir_avg'.
@I [SCHED-61] Pipelining result: Target II: 1, Final II: 1, Depth: 74.
@I [SCHED-11] Finished scheduling.
@I [HLS-100] Command 'schedule' returned 0; elapsed 0.045754Total elapsed time: 8.450 sec.
@I [HLS-111] Elapsed time: 0.051099 seconds; current memory usage: 90.5 MB.
@I [HLS-100] Command "report -o /home/radar/Pulse_Avg/pulse_cir_avg/pulse_cir_avg/solution1/.autopilot/db/pulse_cir_avg.verbose.sched.rpt -verbose -f "
@I [HLS-100] Command 'report' returned 0; elapsed 0.007226Total elapsed time: 8.458 sec.
@I [HLS-100] Command "db_write -o /home/radar/Pulse_Avg/pulse_cir_avg/pulse_cir_avg/solution1/.autopilot/db/pulse_cir_avg.sched.adb -f "
@I [HLS-100] Command 'db_write' returned 0; elapsed 0.006003Total elapsed time: 8.464 sec.
@I [HLS-0] Finish scheduling pulse_cir_avg.
@I [HLS-10] ----------------------------------------------------------------
@0 [HLS-0] ----------------------------------------------------------------
@I [HLS-10] -- Exploring micro-architecture for module 'pulse_cir_avg' 
@0 [HLS-0] -- Exploring micro-architecture for module 'pulse_cir_avg' 
@I [HLS-10] ----------------------------------------------------------------
@0 [HLS-0] ----------------------------------------------------------------
@I [HLS-100] Command "set_default_model pulse_cir_avg "
@I [HLS-100] Command 'set_default_model' returned 0; elapsed 9.9e-05Total elapsed time: 8.464 sec.
@I [HLS-100] Command "bind -model pulse_cir_avg "
@I [BIND-110] clear=
@I [BIND-110] debug=
@I [BIND-110] drf=
@I [BIND-110] effort=
@I [BIND-110] fast_refine=
@I [BIND-110] fu_weight=[ 0.0 -- 1.0 ]
@I [BIND-110] global_opt=
@I [BIND-110] gsearch=
@I [BIND-110] help=
@I [BIND-110] help-hidden=
@I [BIND-110] min_mem_port=
@I [BIND-110] min_op=
@I [BIND-110] minreg=
@I [BIND-110] ml=
@I [BIND-110] model=pulse_cir_avg
@I [BIND-110] no_false_path=
@I [BIND-110] no_min_op=
@I [BIND-110] normalize=
@I [BIND-110] quiet=
@I [BIND-110] refine=
@I [BIND-110] reg_weight=[ 0.0 -- 1.0 ]
@I [BIND-110] search=
@I [BIND-110] tight_delay=
@I [BIND-110] verbose=
@I [BIND-110] wFF=
@I [BIND-110] wFU=
@I [BIND-110] wMUX=
@I [BIND-110] wNET=
@I [BIND-100] Starting micro-architecture generation ...
@I [BIND-101] Performing variable lifetime analysis.
@I [BIND-101] Exploring resource sharing.
@I [BIND-101] Binding ...
@I [BIND-100] Finished micro-architecture generation.
@I [HLS-100] Command 'bind' returned 0; elapsed 0.021827Total elapsed time: 8.486 sec.
@I [HLS-111] Elapsed time: 0.035765 seconds; current memory usage: 91.4 MB.
@I [HLS-100] Command "report -o /home/radar/Pulse_Avg/pulse_cir_avg/pulse_cir_avg/solution1/.autopilot/db/pulse_cir_avg.verbose.bind.rpt -verbose -f "
@I [HLS-100] Command 'report' returned 0; elapsed 0.018199Total elapsed time: 8.504 sec.
@I [HLS-100] Command "db_write -o /home/radar/Pulse_Avg/pulse_cir_avg/pulse_cir_avg/solution1/.autopilot/db/pulse_cir_avg.bind.adb -f "
@I [HLS-100] Command 'db_write' returned 0; elapsed 0.007787Total elapsed time: 8.512 sec.
@I [HLS-0] Finish binding pulse_cir_avg.
@I [HLS-100] Command "get_model_list pulse_cir_avg -filter all-wo-channel "
@I [HLS-100] Command 'get_model_list' returned 0; elapsed 2.1e-05Total elapsed time: 8.512 sec.
@I [HLS-0] Preprocessing for RTLGen ...
@I [HLS-100] Command "rtl_gen_preprocess pulse_cir_avg "
@I [HLS-100] Command 'rtl_gen_preprocess' returned 0; elapsed 0.000336Total elapsed time: 8.513 sec.
@I [HLS-0] Model list for RTL generation: pulse_cir_avg
@I [HLS-10] ----------------------------------------------------------------
@0 [HLS-0] ----------------------------------------------------------------
@I [HLS-10] -- Generating RTL for module 'pulse_cir_avg' 
@0 [HLS-0] -- Generating RTL for module 'pulse_cir_avg' 
@I [HLS-10] ----------------------------------------------------------------
@0 [HLS-0] ----------------------------------------------------------------
@I [HLS-100] Command "create_rtl_model pulse_cir_avg -vendor xilinx -mg_file /home/radar/Pulse_Avg/pulse_cir_avg/pulse_cir_avg/solution1/.autopilot/db/pulse_cir_avg.compgen.tcl "
@I [RTGEN-500] Setting interface mode on port 'pulse_cir_avg/i_data_V_data_V' to 'axis'.
@I [RTGEN-500] Setting interface mode on port 'pulse_cir_avg/i_data_V_last_V' to 'axis'.
@I [RTGEN-500] Setting interface mode on port 'pulse_cir_avg/o_data_V_data_V' to 'axis'.
@I [RTGEN-500] Setting interface mode on port 'pulse_cir_avg/o_data_V_last_V' to 'axis'.
@I [RTGEN-500] Setting interface mode on port 'pulse_cir_avg/threshold_V' to 'ap_none'.
@I [RTGEN-500] Setting interface mode on port 'pulse_cir_avg/seq_len_V' to 'ap_none'.
@I [RTGEN-500] Setting interface mode on port 'pulse_cir_avg/avg_size_V' to 'ap_none'.
@I [RTGEN-500] Setting interface mode on function 'pulse_cir_avg' to 'ap_ctrl_none'.
@W [RTGEN-101] Register 'currentState' is power-on initialization.
@W [RTGEN-101] Register 'seq_len_reg_V' is power-on initialization.
@W [RTGEN-101] Register 'avg_size_reg_V' is power-on initialization.
@W [RTGEN-101] Register 'data_in_valid_V' is power-on initialization.
@W [RTGEN-101] Register 'wr_cnt_V' is power-on initialization.
@W [RTGEN-101] Register 'data_in_reg_V' is power-on initialization.
@W [RTGEN-101] Register 'blk_cnt_V' is power-on initialization.
@W [RTGEN-101] Register 'out_sample_cnt_V' is power-on initialization.
@W [RTGEN-101] Register 'rd_cnt_V' is power-on initialization.
@W [RTGEN-101] Port 'pulse_cir_avg/threshold_V' has no fanin or fanout and is left dangling.
               Please use C simulation to confirm this function argument can be read from or written to.
@I [RTGEN-100] Generating core module 'pulse_cir_avg_udiv_65ns_32ns_65_69': 1 instance(s).
@I [RTGEN-100] Finished creating RTL model for 'pulse_cir_avg'.
@I [HLS-100] Command 'create_rtl_model' returned 0; elapsed 0.119979Total elapsed time: 8.645 sec.
@I [HLS-111] Elapsed time: 0.147165 seconds; current memory usage: 94.3 MB.
@I [HLS-100] Command "source /home/radar/Pulse_Avg/pulse_cir_avg/pulse_cir_avg/solution1/.autopilot/db/pulse_cir_avg.rtl_wrap.cfg.tcl "
@I [HLS-100] Command 'ap_source' returned 0; elapsed 0.000369Total elapsed time: 8.646 sec.
@I [HLS-100] Command "gen_rtl pulse_cir_avg -istop -style xilinx -tracefl mytrace -tracefmt vcd -traceopt all -f -lang sc -o /home/radar/Pulse_Avg/pulse_cir_avg/pulse_cir_avg/solution1/syn/systemc/pulse_cir_avg -synmodules pulse_cir_avg "
@I [HLS-100] Command 'gen_rtl' returned 0; elapsed 0.014887Total elapsed time: 8.662 sec.
@I [HLS-100] Command "gen_rtl pulse_cir_avg -istop -style xilinx -f -lang vhdl -o /home/radar/Pulse_Avg/pulse_cir_avg/pulse_cir_avg/solution1/syn/vhdl/pulse_cir_avg "
@I [HLS-100] Command 'gen_rtl' returned 0; elapsed 0.030422Total elapsed time: 8.692 sec.
@I [HLS-100] Command "gen_rtl pulse_cir_avg -istop -style xilinx -f -lang vlog -o /home/radar/Pulse_Avg/pulse_cir_avg/pulse_cir_avg/solution1/syn/verilog/pulse_cir_avg "
@I [HLS-100] Command 'gen_rtl' returned 0; elapsed 0.023392Total elapsed time: 8.716 sec.
@I [HLS-100] Command "export_constraint_db -o /home/radar/Pulse_Avg/pulse_cir_avg/pulse_cir_avg/solution1/.autopilot/db/pulse_cir_avg.constraint.tcl -f -tool general "
@I [HLS-100] Command 'export_constraint_db' returned 0; elapsed 0.000111Total elapsed time: 8.716 sec.
@I [HLS-100] Command "report -model pulse_cir_avg -o /home/radar/Pulse_Avg/pulse_cir_avg/pulse_cir_avg/solution1/.autopilot/db/pulse_cir_avg.design.xml -verbose -f -dv "
@I [HLS-100] Command 'report' returned 0; elapsed 0.021819Total elapsed time: 8.738 sec.
@I [HLS-100] Command "report -model pulse_cir_avg -o /home/radar/Pulse_Avg/pulse_cir_avg/pulse_cir_avg/solution1/.autopilot/db/pulse_cir_avg.sdaccel.xml -verbose -f -sdaccel "
@I [HLS-100] Command 'report' returned 0; elapsed 0.038361Total elapsed time: 8.776 sec.
@I [HLS-100] Command "gen_tb_info pulse_cir_avg -o /home/radar/Pulse_Avg/pulse_cir_avg/pulse_cir_avg/solution1/.autopilot/db/pulse_cir_avg -p /home/radar/Pulse_Avg/pulse_cir_avg/pulse_cir_avg/solution1/.autopilot/db "
@I [HLS-100] Command 'gen_tb_info' returned 0; elapsed 0.000227Total elapsed time: 8.776 sec.
@I [HLS-100] Command "report -model pulse_cir_avg -o /home/radar/Pulse_Avg/pulse_cir_avg/pulse_cir_avg/solution1/syn/report/pulse_cir_avg_csynth.rpt -f "
@I [HLS-100] Command 'report' returned 0; elapsed 0.013128Total elapsed time: 8.790 sec.
@I [HLS-100] Command "report -model pulse_cir_avg -o /home/radar/Pulse_Avg/pulse_cir_avg/pulse_cir_avg/solution1/syn/report/pulse_cir_avg_csynth.xml -f -x "
@I [HLS-100] Command 'report' returned 0; elapsed 0.011378Total elapsed time: 8.801 sec.
@I [HLS-100] Command "report -model pulse_cir_avg -o /home/radar/Pulse_Avg/pulse_cir_avg/pulse_cir_avg/solution1/.autopilot/db/pulse_cir_avg.verbose.rpt -verbose -f "
@I [HLS-100] Command 'report' returned 0; elapsed 0.030691Total elapsed time: 8.832 sec.
@I [HLS-100] Command "db_write -model pulse_cir_avg -o /home/radar/Pulse_Avg/pulse_cir_avg/pulse_cir_avg/solution1/.autopilot/db/pulse_cir_avg.adb -f "
@I [HLS-100] Command 'db_write' returned 0; elapsed 0.019913Total elapsed time: 8.852 sec.
@I [HLS-100] Command "sc_get_clocks pulse_cir_avg "
@I [HLS-100] Command 'sc_get_clocks' returned 0; elapsed 4e-06Total elapsed time: 8.869 sec.
@I [HLS-100] Command "sc_get_portdomain pulse_cir_avg "
@I [HLS-100] Command 'sc_get_portdomain' returned 0; elapsed 1e-06Total elapsed time: 8.869 sec.
@I [HLS-0] Model list for RTL component generation: pulse_cir_avg
@I [HLS-0] Handling components in module [pulse_cir_avg] ... 
@I [HLS-100] Command "source /home/radar/Pulse_Avg/pulse_cir_avg/pulse_cir_avg/solution1/.autopilot/db/pulse_cir_avg.compgen.tcl "
@I [HLS-0] Found component pulse_cir_avg_udiv_65ns_32ns_65_69.
@I [HLS-0] Append model pulse_cir_avg_udiv_65ns_32ns_65_69
@I [HLS-0] Found component FIFO_pulse_cir_avg_out_fifo_V_V.
@I [HLS-0] Append model FIFO_pulse_cir_avg_out_fifo_V_V
@I [HLS-0] Found component FIFO_pulse_cir_avg_data_fifo_V_V.
@I [HLS-0] Append model FIFO_pulse_cir_avg_data_fifo_V_V
@I [HLS-100] Command 'ap_source' returned 0; elapsed 0.000262Total elapsed time: 8.870 sec.
@I [HLS-0] Append model pulse_cir_avg
@I [HLS-0] Generating RTL model list ...
@I [HLS-0] All models in this session: pulse_cir_avg_udiv_65ns_32ns_65_69 FIFO_pulse_cir_avg_out_fifo_V_V FIFO_pulse_cir_avg_data_fifo_V_V pulse_cir_avg
@I [HLS-0] To file: write model pulse_cir_avg_udiv_65ns_32ns_65_69
@I [HLS-0] To file: write model FIFO_pulse_cir_avg_out_fifo_V_V
@I [HLS-0] To file: write model FIFO_pulse_cir_avg_data_fifo_V_V
@I [HLS-0] To file: write model pulse_cir_avg
@I [HLS-0] Finished generating RTL model list.


@I [HLS-0] RTL Generation done.
@I [HLS-0] CAS Generation done.
@I [HLS-0] CBC Generation done.
@I [HLS-100] Command "export_ssdm /home/radar/Pulse_Avg/pulse_cir_avg/pulse_cir_avg/solution1/.autopilot/db/a.export.ll "
@I [HLS-100] Command 'export_ssdm' returned 0; elapsed 0.000192Total elapsed time: 8.870 sec.
@I [HLS-100] Command "source /home/radar/Pulse_Avg/pulse_cir_avg/pulse_cir_avg/solution1/.autopilot/db/global.setting.tcl "
@I [HLS-100] Command 'ap_source' returned 0; elapsed 8.1e-05Total elapsed time: 8.872 sec.
@I [HLS-100] Command "source /opt/Xilinx/Vivado_HLS/2015.4/common/technology/generic/autopilot/common.gen "
@I [HLS-100] Command "source /opt/Xilinx/Vivado_HLS/2015.4/common/technology/generic/autopilot/APCoreGen.gen "
@I [HLS-100] Command 'ap_source' returned 0; elapsed 0.000244Total elapsed time: 8.872 sec.
@I [HLS-100] Command 'ap_source' returned 0; elapsed 0.000489Total elapsed time: 8.872 sec.
@I [HLS-100] Command "source /opt/Xilinx/Vivado_HLS/2015.4/common/technology/generic/autopilot/op.gen "
@I [HLS-100] Command 'ap_source' returned 0; elapsed 0.000146Total elapsed time: 8.872 sec.
@I [HLS-100] Command "source /opt/Xilinx/Vivado_HLS/2015.4/common/technology/generic/autopilot/op_simcore.gen "
@I [HLS-100] Command 'ap_source' returned 0; elapsed 0.000423Total elapsed time: 8.873 sec.
@I [HLS-100] Command "source /opt/Xilinx/Vivado_HLS/2015.4/common/technology/generic/autopilot/interface.gen "
@I [HLS-100] Command 'ap_source' returned 0; elapsed 3.8e-05Total elapsed time: 8.873 sec.
@I [HLS-100] Command "source /home/radar/Pulse_Avg/pulse_cir_avg/pulse_cir_avg/solution1/.autopilot/db/global.setting.tcl "
@I [HLS-100] Command 'ap_source' returned 0; elapsed 6.9e-05Total elapsed time: 8.873 sec.
@I [HLS-100] Command "source /opt/Xilinx/Vivado_HLS/2015.4/common/technology/xilinx/kintex7/kintex7.gen "
@I [HLS-100] Command "source /opt/Xilinx/Vivado_HLS/2015.4/common/technology/xilinx/common/virtex.gen "
@I [HLS-100] Command "source /opt/Xilinx/Vivado_HLS/2015.4/common/technology/xilinx/common/xilinx.gen "
@I [HLS-100] Command "source /opt/Xilinx/Vivado_HLS/2015.4/common/technology/xilinx/interface/plb46.gen "
@I [HLS-100] Command 'ap_source' returned 0; elapsed 0.00065Total elapsed time: 8.874 sec.
@I [HLS-100] Command "source /opt/Xilinx/Vivado_HLS/2015.4/common/technology/xilinx/interface/fsl.gen "
@I [HLS-100] Command 'ap_source' returned 0; elapsed 0.000221Total elapsed time: 8.874 sec.
@I [HLS-100] Command "source /opt/Xilinx/Vivado_HLS/2015.4/common/technology/xilinx/interface/axi4.gen "
@I [HLS-100] Command 'ap_source' returned 0; elapsed 0.001045Total elapsed time: 8.875 sec.
@I [HLS-100] Command "source /opt/Xilinx/Vivado_HLS/2015.4/common/technology/xilinx/interface/nativeAXI4.gen "
@I [HLS-100] Command "source /opt/Xilinx/Vivado_HLS/2015.4/common/technology/xilinx/interface/saxilite.gen "
@I [HLS-100] Command 'ap_source' returned 0; elapsed 0.001756Total elapsed time: 8.877 sec.
@I [HLS-100] Command "source /opt/Xilinx/Vivado_HLS/2015.4/common/technology/xilinx/interface/maxi.gen "
@I [HLS-100] Command 'ap_source' returned 0; elapsed 0.003459Total elapsed time: 8.880 sec.
@I [HLS-100] Command 'ap_source' returned 0; elapsed 0.005292Total elapsed time: 8.880 sec.
@I [HLS-100] Command "source /opt/Xilinx/Vivado_HLS/2015.4/common/technology/xilinx/scripts/xilinxcoregen.gen "
@I [HLS-100] Command 'ap_source' returned 0; elapsed 0.004161Total elapsed time: 8.885 sec.
@I [HLS-100] Command "source /opt/Xilinx/Vivado_HLS/2015.4/common/technology/xilinx/interface/XilEDKCoreGen.gen "
@I [HLS-100] Command 'ap_source' returned 0; elapsed 0.003887Total elapsed time: 8.889 sec.
@I [HLS-100] Command "source /opt/Xilinx/Vivado_HLS/2015.4/common/technology/xilinx/ip/xfft.gen "
@I [HLS-100] Command 'ap_source' returned 0; elapsed 0.050049Total elapsed time: 8.939 sec.
@I [HLS-100] Command "source /opt/Xilinx/Vivado_HLS/2015.4/common/technology/xilinx/ip/dds_compiler.gen "
@I [HLS-100] Command 'ap_source' returned 0; elapsed 0.001798Total elapsed time: 8.941 sec.
@I [HLS-100] Command "source /opt/Xilinx/Vivado_HLS/2015.4/common/technology/xilinx/ip/xfir.gen "
@I [HLS-100] Command 'ap_source' returned 0; elapsed 0.015334Total elapsed time: 8.956 sec.
@I [HLS-100] Command "source /opt/Xilinx/Vivado_HLS/2015.4/common/technology/xilinx/ip/util.gen "
@I [HLS-100] Command 'ap_source' returned 0; elapsed 7.8e-05Total elapsed time: 8.956 sec.
@I [HLS-100] Command 'ap_source' returned 0; elapsed 0.082865Total elapsed time: 8.956 sec.
@I [HLS-100] Command "source /opt/Xilinx/Vivado_HLS/2015.4/common/technology/xilinx/common/dsp48.gen "
@I [HLS-100] Command 'ap_source' returned 0; elapsed 7e-05Total elapsed time: 8.957 sec.
@I [HLS-100] Command 'ap_source' returned 0; elapsed 0.083848Total elapsed time: 8.957 sec.
@I [HLS-100] Command 'ap_source' returned 0; elapsed 0.083903Total elapsed time: 8.957 sec.
@I [HLS-100] Command "source /opt/Xilinx/Vivado_HLS/2015.4/common/technology/xilinx/kintex7/kintex7_fpv6.gen "
@I [HLS-100] Command "source /opt/Xilinx/Vivado_HLS/2015.4/common/technology/xilinx/common/xilinx_fpv6.gen "
@I [HLS-100] Command 'ap_source' returned 0; elapsed 0.000795Total elapsed time: 8.958 sec.
@I [HLS-100] Command 'ap_source' returned 0; elapsed 0.000853Total elapsed time: 8.958 sec.
@I [HLS-100] Command "source /home/radar/Pulse_Avg/pulse_cir_avg/pulse_cir_avg/solution1/.autopilot/db/global.setting.tcl "
@I [HLS-100] Command 'ap_source' returned 0; elapsed 7.7e-05Total elapsed time: 8.958 sec.
@I [HLS-100] Command "source /home/radar/Pulse_Avg/pulse_cir_avg/pulse_cir_avg/solution1/.autopilot/db/global.setting.tcl "
@I [HLS-100] Command 'ap_source' returned 0; elapsed 7e-05Total elapsed time: 8.958 sec.
@I [HLS-100] Command "source /home/radar/Pulse_Avg/pulse_cir_avg/pulse_cir_avg/solution1/.autopilot/db/global.setting.tcl "
@I [HLS-100] Command 'ap_source' returned 0; elapsed 7e-05Total elapsed time: 8.959 sec.
@I [HLS-100] Command "source /home/radar/Pulse_Avg/pulse_cir_avg/pulse_cir_avg/solution1/.autopilot/db/global.setting.tcl "
@I [HLS-100] Command 'ap_source' returned 0; elapsed 6.4e-05Total elapsed time: 8.959 sec.
@I [HLS-100] Command "source /home/radar/Pulse_Avg/pulse_cir_avg/pulse_cir_avg/solution1/.autopilot/db/pulse_cir_avg.compgen.tcl "
@I [RTMG-282] Generating pipelined core: 'pulse_cir_avg_udiv_65ns_32ns_65_69_div'
@I [RTMG-285] Implementing FIFO 'FIFO_pulse_cir_avg_out_fifo_V_V' using Block RAMs.
@I [RTMG-285] Implementing FIFO 'FIFO_pulse_cir_avg_data_fifo_V_V' using Block RAMs.
@I [HLS-100] Command 'ap_source' returned 0; elapsed 0.014755Total elapsed time: 8.974 sec.
@I [HLS-10] Finished generating all RTL models.
@0 [HLS-0] Finished generating all RTL models.
@I [WSYSC-301] Generating RTL SystemC for 'pulse_cir_avg'.
@I [WVHDL-304] Generating RTL VHDL for 'pulse_cir_avg'.
@I [WVLOG-307] Generating RTL Verilog for 'pulse_cir_avg'.
@I [HLS-100] Command 'autosyn' returned 0; elapsed 0.563804Total elapsed time: 8.976 sec.
@I [HLS-100] Command 'csynth_design' returned 0; elapsed 2.24296Total elapsed time: 8.976 sec.
@I [HLS-100] Command 'ap_source' returned 0; elapsed 2.36603Total elapsed time: 8.976 sec.
@I [HLS-100] Command "cleanup_all "
@I [HLS-100] Command 'cleanup_all' returned 0; elapsed 0.005449Total elapsed time: 8.981 sec.
